{
  "RSpec": {
    "coverage": {
      "/Users/colinscally/Projects/Battle/Battle2/battle/app.rb": [
        1,
        1,
        1,
        null,
        1,
        null,
        1,
        1,
        null,
        1,
        6,
        null,
        null,
        1,
        6,
        6,
        null,
        null,
        1,
        8,
        null,
        null,
        1,
        2,
        null,
        null,
        1,
        5,
        5,
        null,
        null,
        1,
        2,
        2,
        null,
        null,
        null,
        null,
        null
      ],
      "/Users/colinscally/Projects/Battle/Battle2/battle/lib/player.rb": [
        null,
        1,
        null,
        1,
        null,
        1,
        26,
        26,
        null,
        null,
        1,
        6,
        null,
        null,
        null
      ],
      "/Users/colinscally/Projects/Battle/Battle2/battle/lib/game.rb": [
        1,
        null,
        1,
        null,
        1,
        null,
        1,
        12,
        12,
        12,
        12,
        null,
        null,
        1,
        6,
        null,
        null,
        1,
        3,
        3,
        null,
        null,
        null
      ],
      "/Users/colinscally/Projects/Battle/Battle2/battle/spec/features/attack_players_spec.rb": [
        1,
        1,
        1,
        1,
        1,
        null,
        null,
        1,
        1,
        1,
        1,
        1,
        null,
        null,
        1,
        1,
        1,
        1,
        1,
        null,
        null,
        1,
        1,
        1,
        1,
        1,
        1,
        null,
        null
      ],
      "/Users/colinscally/Projects/Battle/Battle2/battle/spec/features/enter_names_spec.rb": [
        null,
        null,
        1,
        null,
        1,
        1,
        1,
        null,
        null,
        null,
        null
      ],
      "/Users/colinscally/Projects/Battle/Battle2/battle/spec/features/hit_points_spec.rb": [
        null,
        null,
        1,
        1,
        1,
        1,
        1,
        null,
        null
      ],
      "/Users/colinscally/Projects/Battle/Battle2/battle/spec/game_spec.rb": [
        1,
        null,
        1,
        7,
        7,
        7,
        null,
        1,
        1,
        null,
        null,
        1,
        1,
        1,
        null,
        null,
        1,
        1,
        1,
        null,
        null,
        null,
        1,
        1,
        1,
        null,
        null,
        null,
        1,
        1,
        1,
        1,
        null,
        null,
        null,
        1,
        1,
        4,
        null,
        null,
        null,
        null
      ],
      "/Users/colinscally/Projects/Battle/Battle2/battle/spec/player_spec.rb": [
        1,
        null,
        1,
        null,
        1,
        1,
        1,
        null,
        null,
        1,
        1,
        4,
        null,
        null,
        null
      ]
    },
    "timestamp": 1495789601
  }
}
